This is pdfTeX, Version 3.14159265-2.6-1.40.18 (MiKTeX 2.9.6300 64-bit) (preloaded format=pdflatex 2017.5.30)  14 SEP 2019 10:04
entering extended mode
**"C:/Users/shi.guo/OneDrive - Advantest/Desktop/study/notes/guoshi1984.github.io/machine_learning/optimization.tex"
("C:/Users/shi.guo/OneDrive - Advantest/Desktop/study/notes/guoshi1984.github.io/machine_learning/optimization.tex"
LaTeX2e <2017-04-15>
Babel <3.9r> and hyphenation patterns for 75 language(s) loaded.
("C:\Program Files\MiKTeX 2.9\tex\latex\base\article.cls"
Document Class: article 2014/09/29 v1.4h Standard LaTeX document class
("C:\Program Files\MiKTeX 2.9\tex\latex\base\size10.clo"
File: size10.clo 2014/09/29 v1.4h Standard LaTeX file (size option)
)
\c@part=\count79
\c@section=\count80
\c@subsection=\count81
\c@subsubsection=\count82
\c@paragraph=\count83
\c@subparagraph=\count84
\c@figure=\count85
\c@table=\count86
\abovecaptionskip=\skip41
\belowcaptionskip=\skip42
\bibindent=\dimen102
) ("C:\Program Files\MiKTeX 2.9\tex\latex\amsfonts\amssymb.sty"
Package: amssymb 2013/01/14 v3.01 AMS font symbols
 ("C:\Program Files\MiKTeX 2.9\tex\latex\amsfonts\amsfonts.sty"
Package: amsfonts 2013/01/14 v3.01 Basic AMSFonts support
\@emptytoks=\toks14
\symAMSa=\mathgroup4
\symAMSb=\mathgroup5
LaTeX Font Info:    Overwriting math alphabet `\mathfrak' in version `bold'
(Font)                  U/euf/m/n --> U/euf/b/n on input line 106.
)) ("C:\Program Files\MiKTeX 2.9\tex\latex\amsmath\amsmath.sty"
Package: amsmath 2016/11/05 v2.16a AMS math features
\@mathmargin=\skip43

For additional information on amsmath, use the `?' option.
("C:\Program Files\MiKTeX 2.9\tex\latex\amsmath\amstext.sty"
Package: amstext 2000/06/29 v2.01 AMS text
 ("C:\Program Files\MiKTeX 2.9\tex\latex\amsmath\amsgen.sty"
File: amsgen.sty 1999/11/30 v2.0 generic functions
\@emptytoks=\toks15
\ex@=\dimen103
)) ("C:\Program Files\MiKTeX 2.9\tex\latex\amsmath\amsbsy.sty"
Package: amsbsy 1999/11/29 v1.2d Bold Symbols
\pmbraise@=\dimen104
) ("C:\Program Files\MiKTeX 2.9\tex\latex\amsmath\amsopn.sty"
Package: amsopn 2016/03/08 v2.02 operator names
)
\inf@bad=\count87
LaTeX Info: Redefining \frac on input line 213.
\uproot@=\count88
\leftroot@=\count89
LaTeX Info: Redefining \overline on input line 375.
\classnum@=\count90
\DOTSCASE@=\count91
LaTeX Info: Redefining \ldots on input line 472.
LaTeX Info: Redefining \dots on input line 475.
LaTeX Info: Redefining \cdots on input line 596.
\Mathstrutbox@=\box26
\strutbox@=\box27
\big@size=\dimen105
LaTeX Font Info:    Redeclaring font encoding OML on input line 712.
LaTeX Font Info:    Redeclaring font encoding OMS on input line 713.
\macc@depth=\count92
\c@MaxMatrixCols=\count93
\dotsspace@=\muskip10
\c@parentequation=\count94
\dspbrk@lvl=\count95
\tag@help=\toks16
\row@=\count96
\column@=\count97
\maxfields@=\count98
\andhelp@=\toks17
\eqnshift@=\dimen106
\alignsep@=\dimen107
\tagshift@=\dimen108
\tagwidth@=\dimen109
\totwidth@=\dimen110
\lineht@=\dimen111
\@envbody=\toks18
\multlinegap=\skip44
\multlinetaggap=\skip45
\mathdisplay@stack=\toks19
LaTeX Info: Redefining \[ on input line 2817.
LaTeX Info: Redefining \] on input line 2818.
) ("C:\Program Files\MiKTeX 2.9\tex\latex\graphics\graphicx.sty"
Package: graphicx 2014/10/28 v1.0g Enhanced LaTeX Graphics (DPC,SPQR)
 ("C:\Program Files\MiKTeX 2.9\tex\latex\graphics\keyval.sty"
Package: keyval 2014/10/28 v1.15 key=value parser (DPC)
\KV@toks@=\toks20
) ("C:\Program Files\MiKTeX 2.9\tex\latex\graphics\graphics.sty"
Package: graphics 2017/04/14 v1.1b Standard LaTeX Graphics (DPC,SPQR)
 ("C:\Program Files\MiKTeX 2.9\tex\latex\graphics\trig.sty"
Package: trig 2016/01/03 v1.10 sin cos tan (DPC)
) ("C:\Program Files\MiKTeX 2.9\tex\latex\graphics-cfg\graphics.cfg"
File: graphics.cfg 2016/06/04 v1.11 sample graphics configuration
)
Package graphics Info: Driver file: pdftex.def on input line 99.
 ("C:\Program Files\MiKTeX 2.9\tex\latex\graphics-def\pdftex.def"
File: pdftex.def 2017/01/12 v0.06k Graphics/color for pdfTeX
 ("C:\Program Files\MiKTeX 2.9\tex\generic\oberdiek\infwarerr.sty"
Package: infwarerr 2016/05/16 v1.4 Providing info/warning/error messages (HO)
) ("C:\Program Files\MiKTeX 2.9\tex\generic\oberdiek\ltxcmds.sty"
Package: ltxcmds 2016/05/16 v1.23 LaTeX kernel commands for general use (HO)
)
\Gread@gobject=\count99
))
\Gin@req@height=\dimen112
\Gin@req@width=\dimen113
) (optimization.aux)
\openout1 = `optimization.aux'.

LaTeX Font Info:    Checking defaults for OML/cmm/m/it on input line 4.
LaTeX Font Info:    ... okay on input line 4.
LaTeX Font Info:    Checking defaults for T1/cmr/m/n on input line 4.
LaTeX Font Info:    ... okay on input line 4.
LaTeX Font Info:    Checking defaults for OT1/cmr/m/n on input line 4.
LaTeX Font Info:    ... okay on input line 4.
LaTeX Font Info:    Checking defaults for OMS/cmsy/m/n on input line 4.
LaTeX Font Info:    ... okay on input line 4.
LaTeX Font Info:    Checking defaults for OMX/cmex/m/n on input line 4.
LaTeX Font Info:    ... okay on input line 4.
LaTeX Font Info:    Checking defaults for U/cmr/m/n on input line 4.
LaTeX Font Info:    ... okay on input line 4.
 ("C:\Program Files\MiKTeX 2.9\tex\context\base\supp-pdf.mkii"
[Loading MPS to PDF converter (version 2006.09.02).]
\scratchcounter=\count100
\scratchdimen=\dimen114
\scratchbox=\box28
\nofMPsegments=\count101
\nofMParguments=\count102
\everyMPshowfont=\toks21
\MPscratchCnt=\count103
\MPscratchDim=\dimen115
\MPnumerator=\count104
\makeMPintoPDFobject=\count105
\everyMPtoPDFconversion=\toks22
) ("C:\Program Files\MiKTeX 2.9\tex\generic\oberdiek\pdftexcmds.sty"
Package: pdftexcmds 2017/03/19 v0.25 Utility functions of pdfTeX for LuaTeX (HO)
 ("C:\Program Files\MiKTeX 2.9\tex\generic\oberdiek\ifluatex.sty"
Package: ifluatex 2016/05/16 v1.4 Provides the ifluatex switch (HO)
Package ifluatex Info: LuaTeX not detected.
) ("C:\Program Files\MiKTeX 2.9\tex\generic\oberdiek\ifpdf.sty"
Package: ifpdf 2017/03/15 v3.2 Provides the ifpdf switch
)
Package pdftexcmds Info: LuaTeX not detected.
Package pdftexcmds Info: \pdf@primitive is available.
Package pdftexcmds Info: \pdf@ifprimitive is available.
Package pdftexcmds Info: \pdfdraftmode found.
) ("C:\Program Files\MiKTeX 2.9\tex\latex\oberdiek\epstopdf-base.sty"
Package: epstopdf-base 2016/05/15 v2.6 Base part for package epstopdf
 ("C:\Program Files\MiKTeX 2.9\tex\latex\oberdiek\grfext.sty"
Package: grfext 2016/05/16 v1.2 Manage graphics extensions (HO)
 ("C:\Program Files\MiKTeX 2.9\tex\generic\oberdiek\kvdefinekeys.sty"
Package: kvdefinekeys 2016/05/16 v1.4 Define keys (HO)
)) ("C:\Program Files\MiKTeX 2.9\tex\latex\oberdiek\kvoptions.sty"
Package: kvoptions 2016/05/16 v3.12 Key value format for package options (HO)
 ("C:\Program Files\MiKTeX 2.9\tex\generic\oberdiek\kvsetkeys.sty"
Package: kvsetkeys 2016/05/16 v1.17 Key value parser (HO)
 ("C:\Program Files\MiKTeX 2.9\tex\generic\oberdiek\etexcmds.sty"
Package: etexcmds 2016/05/16 v1.6 Avoid name clashes with e-TeX commands (HO)
Package etexcmds Info: Could not find \expanded.
(etexcmds)             That can mean that you are not using pdfTeX 1.50 or
(etexcmds)             that some package has redefined \expanded.
(etexcmds)             In the latter case, load this package earlier.
)))
Package epstopdf-base Info: Redefining graphics rule for `.eps' on input line 438.
Package grfext Info: Graphics extension search list:
(grfext)             [.png,.pdf,.jpg,.mps,.jpeg,.jbig2,.jb2,.PNG,.PDF,.JPG,.JPEG,.JBIG2,.JB2,.eps]
(grfext)             \AppendGraphicsExtensions on input line 456.
)
LaTeX Font Info:    Try loading font information for U+msa on input line 11.
 ("C:\Program Files\MiKTeX 2.9\tex\latex\amsfonts\umsa.fd"
File: umsa.fd 2013/01/14 v3.01 AMS symbols A
)
LaTeX Font Info:    Try loading font information for U+msb on input line 11.
 ("C:\Program Files\MiKTeX 2.9\tex\latex\amsfonts\umsb.fd"
File: umsb.fd 2013/01/14 v3.01 AMS symbols B
)
Underfull \hbox (badness 10000) in paragraph at lines 7--14

 []


Underfull \hbox (badness 10000) in paragraph at lines 15--21

 []

Missing character: There is no ¨ in font cmr10!

Underfull \hbox (badness 10000) in paragraph at lines 22--28

 []


Underfull \hbox (badness 10000) in paragraph at lines 31--31
[]\OT1/cmr/m/n/10 Convergence
 []


Underfull \hbox (badness 10000) in paragraph at lines 31--31
\OT1/cmr/m/n/10 time for
 []


Underfull \hbox (badness 10000) in paragraph at lines 31--31
[]\OT1/cmr/m/n/10 Sensitivity
 []


Underfull \hbox (badness 10000) in paragraph at lines 31--31
\OT1/cmr/m/n/10 to pa-ram-e-
 []


Underfull \hbox (badness 10000) in paragraph at lines 33--33
[]\OT1/cmr/m/n/10 Slow for
 []


Underfull \hbox (badness 10000) in paragraph at lines 35--35
[]\OT1/cmr/m/n/10 Stochastic
 []


Underfull \hbox (badness 10000) in paragraph at lines 29--38

 []


Underfull \hbox (badness 10000) in paragraph at lines 39--41

 []

[1

{C:/ProgramData/MiKTeX/2.9/pdftex/config/pdftex.map}]
! Extra alignment tab has been changed to \cr.
<recently read> \endtemplate 
                             
l.62 \end{align*}
                 
You have given more \span or & marks than there were
in the preamble to the \halign or \valign now in progress.
So I'll assume that you meant to type \cr instead.

! Extra alignment tab has been changed to \cr.
<recently read> \endtemplate 
                             
l.62 \end{align*}
                 
You have given more \span or & marks than there were
in the preamble to the \halign or \valign now in progress.
So I'll assume that you meant to type \cr instead.

! Extra alignment tab has been changed to \cr.
<recently read> \endtemplate 
                             
l.62 \end{align*}
                 
You have given more \span or & marks than there were
in the preamble to the \halign or \valign now in progress.
So I'll assume that you meant to type \cr instead.

! Extra alignment tab has been changed to \cr.
<recently read> \endtemplate 
                             
l.62 \end{align*}
                 
You have given more \span or & marks than there were
in the preamble to the \halign or \valign now in progress.
So I'll assume that you meant to type \cr instead.

Missing character: There is no £ in font cmr10!
Missing character: There is no © in font cmr10!

Underfull \hbox (badness 10000) in paragraph at lines 83--86

 []

[2]
Overfull \hbox (0.12253pt too wide) in paragraph at lines 117--121
\OT1/cmr/m/n/10 Now we sup-pose the $\OML/cmm/m/it/10 f\OT1/cmr/m/n/10 (\OT1/cmr/bx/n/10 x\OT1/cmr/m/n/10 ) = \OML/cmm/m/it/10 f\OT1/cmr/m/n/10 (\OML/cmm/m/it/10 x[]; x[]; :::; x[]; :::; x[]\OT1/cmr/m/n/10 )$ take a more gen-eral quadratic
 []


Underfull \hbox (badness 10000) in paragraph at lines 117--121

 []

[3]
! Double superscript.
<argument>  d^{(0)}^
                    T A e^{(1)} = 0 
l.169 \end{align*}
                  
I treat `x^1^2' essentially like `x^1{}^2'.

! Double superscript.
<argument>  d^{(0)}^
                    T A e^{(1)} = 0 
l.169 \end{align*}
                  
I treat `x^1^2' essentially like `x^1{}^2'.

! Missing } inserted.
<inserted text> 
                }
l.170 ... $\alpha$ that minimize $f({\bf x^{(1)})$
                                                  , we automatically guarant...
I've inserted something that you may have forgotten.
(See the <inserted text> above.)
With luck, this will get me unwedged. But if you
really didn't forget anything, try typing `2' now; then
my insertion and my current dilemma will both disappear.

! Double superscript.
<argument>  d^{(0)}^
                    T A (e^{(0)} + \alpha d^{(0)}) = 0 
l.175 \end{align*}
                  
I treat `x^1^2' essentially like `x^1{}^2'.

! Double superscript.
<argument>  d^{(0)}^
                    T A (e^{(0)} + \alpha d^{(0)}) = 0 
l.175 \end{align*}
                  
I treat `x^1^2' essentially like `x^1{}^2'.


Underfull \hbox (badness 10000) in paragraph at lines 175--177

 []

! Double superscript.
<argument> d^{(0)}^
                   T A e^{(0)} 
l.180 \end{align*}
                  
I treat `x^1^2' essentially like `x^1{}^2'.

! Double superscript.
<argument> d^{(0)}^
                   T A d^{(0)} 
l.180 \end{align*}
                  
I treat `x^1^2' essentially like `x^1{}^2'.

! Double superscript.
<argument> d^{(0)}^
                   T A {\bf x_{min} - x^{(0)}} 
l.180 \end{align*}
                  
I treat `x^1^2' essentially like `x^1{}^2'.

! Double superscript.
<argument> d^{(0)}^
                   T A d^{(0)} 
l.180 \end{align*}
                  
I treat `x^1^2' essentially like `x^1{}^2'.

! Double superscript.
<argument> d^{(0)}^
                   T A e^{(0)} 
l.180 \end{align*}
                  
I treat `x^1^2' essentially like `x^1{}^2'.

! Double superscript.
<argument> d^{(0)}^
                   T A d^{(0)} 
l.180 \end{align*}
                  
I treat `x^1^2' essentially like `x^1{}^2'.

! Double superscript.
<argument> d^{(0)}^
                   T A {\bf x_{min} - x^{(0)}} 
l.180 \end{align*}
                  
I treat `x^1^2' essentially like `x^1{}^2'.

! Double superscript.
<argument> d^{(0)}^
                   T A d^{(0)} 
l.180 \end{align*}
                  
I treat `x^1^2' essentially like `x^1{}^2'.

! Missing $ inserted.
<inserted text> 
                $
l.184 We express the error term e^
                                  {(0)} at step 0 as a linear combinations o...
I've inserted a begin-math/end-math symbol since I think
you left one out. Proceed, with fingers crossed.


! Package amsmath Error: \begin{align*} allowed only in paragraph mode.

See the amsmath package documentation for explanation.
Type  H <return>  for immediate help.
 ...                                              
                                                  
l.185 \begin{align*}
                    
You've lost some text.  Try typing  <return>  to proceed.
If that doesn't work, type  X <return>  to quit.

! Missing $ inserted.
<inserted text> 
                $
l.188 Where $\delta
                   _j$ is a scalar. We find $\delta_j$ by multiplying $d^{(k...
I've inserted a begin-math/end-math symbol since I think
you left one out. Proceed, with fingers crossed.

! Double superscript.
l.188 ... find $\delta_j$ by multiplying $d^{(k)}^
                                                  T A$ on both sides
I treat `x^1^2' essentially like `x^1{}^2'.


Overfull \hbox (22.37288pt too wide) in paragraph at lines 180--189
\OT1/cmr/m/n/10 We ex-press the er-ror term e$[]\OML/cmm/m/it/10 atstep\OT1/cmr/m/n/10 0\OML/cmm/m/it/10 asalinearcombinationsofnsearchingdirections[] 
 []

! Double superscript.
<argument>  d^{(k)}^
                    T A e^{(0)} & = \sum _{j=0} ^{n-1} \delta _j d^{(k)}^T A...
l.192 \end{align*}
                  
I treat `x^1^2' essentially like `x^1{}^2'.

! Double superscript.
<argument> ...sum _{j=0} ^{n-1} \delta _j d^{(k)}^
                                                  T A d^{(j)} \\ d^{(k)}^T A...
l.192 \end{align*}
                  
I treat `x^1^2' essentially like `x^1{}^2'.

! Double superscript.
<argument> ...a _j d^{(k)}^T A d^{(j)} \\ d^{(k)}^
                                                  T A e^{(0)} & = \delta _k ...
l.192 \end{align*}
                  
I treat `x^1^2' essentially like `x^1{}^2'.

! Double superscript.
<argument> ...}^T A e^{(0)} & = \delta _k d^{(k)}^
                                                  T A d^{(k)} \\ 
l.192 \end{align*}
                  
I treat `x^1^2' essentially like `x^1{}^2'.

! Double superscript.
<argument>  d^{(k)}^
                    T A e^{(0)} & = \sum _{j=0} ^{n-1} \delta _j d^{(k)}^T A...
l.192 \end{align*}
                  
I treat `x^1^2' essentially like `x^1{}^2'.

! Double superscript.
<argument> ...sum _{j=0} ^{n-1} \delta _j d^{(k)}^
                                                  T A d^{(j)} \\ d^{(k)}^T A...
l.192 \end{align*}
                  
I treat `x^1^2' essentially like `x^1{}^2'.

! Double superscript.
<argument> ...a _j d^{(k)}^T A d^{(j)} \\ d^{(k)}^
                                                  T A e^{(0)} & = \delta _k ...
l.192 \end{align*}
                  
I treat `x^1^2' essentially like `x^1{}^2'.

! Double superscript.
<argument> ...}^T A e^{(0)} & = \delta _k d^{(k)}^
                                                  T A d^{(k)} \\ 
l.192 \end{align*}
                  
I treat `x^1^2' essentially like `x^1{}^2'.

! Double superscript.
<argument> d^{(k)}^
                   T A e^{(0)}
l.196 \end{align*}
                  
I treat `x^1^2' essentially like `x^1{}^2'.

! Double superscript.
<argument> d^{(k)}^
                   T A d^{(k)}
l.196 \end{align*}
                  
I treat `x^1^2' essentially like `x^1{}^2'.

! Double superscript.
<argument> d^{(k)}^
                   T A e^{(0)}
l.196 \end{align*}
                  
I treat `x^1^2' essentially like `x^1{}^2'.

! Double superscript.
<argument> d^{(k)}^
                   T A d^{(k)}
l.196 \end{align*}
                  
I treat `x^1^2' essentially like `x^1{}^2'.

[4]
Runaway argument?
 
! Paragraph ended before \align* was complete.
<to be read again> 
                   \par 
l.198 
      
I suspect you've forgotten a `}', causing me to apply this
control sequence to too much text. How can we recover?
My plan is to forget the whole thing and hope for the best.

! Missing $ inserted.
<inserted text> 
                $
l.198 
      
I've inserted a begin-math/end-math symbol since I think
you left one out. Proceed, with fingers crossed.

! Missing \endgroup inserted.
<inserted text> 
                \endgroup 
l.198 
      
I've inserted something that you may have forgotten.
(See the <inserted text> above.)
With luck, this will get me unwedged. But if you
really didn't forget anything, try typing `2' now; then
my insertion and my current dilemma will both disappear.

! Display math should end with $$.
<to be read again> 
                   \par 
l.198 
      
The `$' that I just saw supposedly matches a previous `$$'.
So I shall assume that you typed `$$' both times.

! Misplaced \cr.
\math@cr@@@ ->\cr 
                  
l.199 \end{align*}
                  
I can't figure out why you would want to use a tab mark
or \cr or \span just now. If something like a right brace
up above has ended a previous alignment prematurely,
you're probably due for more error messages, and you
might try typing `S' now just to see what is salvageable.

! Misplaced \noalign.
\math@cr@@ ... \iffalse }\fi \math@cr@@@ \noalign 
                                                  {\vskip #1\relax }
l.199 \end{align*}
                  
I expect to see \noalign only after the \cr of
an alignment. Proceed, and I'll ignore this case.

! Misplaced \noalign.
\black@ #1->\noalign 
                     {\ifdim #1>\displaywidth \dimen@ \prevdepth \nointerlin...
l.199 \end{align*}
                  
I expect to see \noalign only after the \cr of
an alignment. Proceed, and I'll ignore this case.

! Extra }, or forgotten \endgroup.
\endalign ->\math@cr \black@ \totwidth@ \egroup 
                                                \ifingather@ \restorealignst...
l.199 \end{align*}
                  
I've deleted a group-closing symbol because it seems to be
spurious, as in `$x}$'. But perhaps the } is legitimate and
you forgot something else, as in `\hbox{$x}'. In such cases
the way to recover is to insert both the forgotten and the
deleted material, e.g., by typing `I$}'.

! Missing $ inserted.
<inserted text> 
                $
l.199 \end{align*}
                  
I've inserted something that you may have forgotten.
(See the <inserted text> above.)
With luck, this will get me unwedged. But if you
really didn't forget anything, try typing `2' now; then
my insertion and my current dilemma will both disappear.

! Display math should end with $$.
<to be read again> 
                   \endgroup 
l.199 \end{align*}
                  
The `$' that I just saw supposedly matches a previous `$$'.
So I shall assume that you typed `$$' both times.

Missing character: There is no ¡ in font cmr10!
Missing character: There is no ¯ in font cmr10!

Underfull \hbox (badness 10000) in paragraph at lines 203--205

 []

! Undefined control sequence.
<argument> ...)} = x^{t} - H^{-1}(f(x^{t})) \grad 
                                                  f(x^{t}) 
l.221 \end{align*}
                  
The control sequence at the end of the top line
of your error message was never \def'ed. If you have
misspelled it (e.g., `\hobx'), type `I' and the correct
spelling (e.g., `I\hbox'). Otherwise just continue,
and I'll forget about whatever was undefined.

! Undefined control sequence.
<argument> ...)} = x^{t} - H^{-1}(f(x^{t})) \grad 
                                                  f(x^{t}) 
l.221 \end{align*}
                  
The control sequence at the end of the top line
of your error message was never \def'ed. If you have
misspelled it (e.g., `\hobx'), type `I' and the correct
spelling (e.g., `I\hbox'). Otherwise just continue,
and I'll forget about whatever was undefined.


Underfull \hbox (badness 10000) in paragraph at lines 221--223

 []


Underfull \hbox (badness 10000) in paragraph at lines 224--226

 []


Underfull \hbox (badness 10000) in paragraph at lines 227--230

 []


Underfull \hbox (badness 10000) in paragraph at lines 231--233

 []

[5]
Underfull \hbox (badness 10000) in paragraph at lines 238--240

 []


Underfull \hbox (badness 10000) in paragraph at lines 242--245

 []

! Undefined control sequence.
<argument>  \grad 
                  f(x + \delta x) = \grad f(x) + B\delta x 
l.247 \end{align*}
                  
The control sequence at the end of the top line
of your error message was never \def'ed. If you have
misspelled it (e.g., `\hobx'), type `I' and the correct
spelling (e.g., `I\hbox'). Otherwise just continue,
and I'll forget about whatever was undefined.

! Undefined control sequence.
<argument>  \grad f(x + \delta x) = \grad 
                                          f(x) + B\delta x 
l.247 \end{align*}
                  
The control sequence at the end of the top line
of your error message was never \def'ed. If you have
misspelled it (e.g., `\hobx'), type `I' and the correct
spelling (e.g., `I\hbox'). Otherwise just continue,
and I'll forget about whatever was undefined.

! Undefined control sequence.
<argument>  \grad 
                  f(x + \delta x) = \grad f(x) + B\delta x 
l.247 \end{align*}
                  
The control sequence at the end of the top line
of your error message was never \def'ed. If you have
misspelled it (e.g., `\hobx'), type `I' and the correct
spelling (e.g., `I\hbox'). Otherwise just continue,
and I'll forget about whatever was undefined.

! Undefined control sequence.
<argument>  \grad f(x + \delta x) = \grad 
                                          f(x) + B\delta x 
l.247 \end{align*}
                  
The control sequence at the end of the top line
of your error message was never \def'ed. If you have
misspelled it (e.g., `\hobx'), type `I' and the correct
spelling (e.g., `I\hbox'). Otherwise just continue,
and I'll forget about whatever was undefined.


Underfull \hbox (badness 10000) in paragraph at lines 247--249

 []


Underfull \hbox (badness 10000) in paragraph at lines 251--252

 []

[6] (optimization.aux) ) 
Here is how much of TeX's memory you used:
 2367 strings out of 493328
 31115 string characters out of 3139118
 98531 words of memory out of 3000000
 5882 multiletter control sequences out of 15000+200000
 7476 words of font info for 29 fonts, out of 3000000 for 9000
 1141 hyphenation exceptions out of 8191
 39i,15n,26p,579b,188s stack positions out of 5000i,500n,10000p,200000b,50000s
<C:/Program Files/MiKTeX 2.9/fonts/type1/public/amsfonts/cm/cmbx10.pfb><C:/Program Files/MiKTeX 2.9/fonts/type1/public/amsfonts/cm/cmbx12.pfb><C:/Program Files/MiKTeX 2.9/fonts/type1/public/amsfonts/cm/cmbx7.pfb><C:/Program Files/MiKTeX 2.9/fonts/type1/public/amsfonts/cm/cmex10.pfb><C:/Program Files/MiKTeX 2.9/fonts/type1/public/amsfonts/cm/cmmi10.pfb><C:/Program Files/MiKTeX 2.9/fonts/type1/public/amsfonts/cm/cmmi5.pfb><C:/Program Files/MiKTeX 2.9/fonts/type1/public/amsfonts/cm/cmmi7.pfb><C:/Program Files/MiKTeX 2.9/fonts/type1/public/amsfonts/cm/cmr10.pfb><C:/Program Files/MiKTeX 2.9/fonts/type1/public/amsfonts/cm/cmr5.pfb><C:/Program Files/MiKTeX 2.9/fonts/type1/public/amsfonts/cm/cmr7.pfb><C:/Program Files/MiKTeX 2.9/fonts/type1/public/amsfonts/cm/cmsy10.pfb><C:/Program Files/MiKTeX 2.9/fonts/type1/public/amsfonts/cm/cmsy5.pfb><C:/Program Files/MiKTeX 2.9/fonts/type1/public/amsfonts/cm/cmsy7.pfb>
Output written on optimization.pdf (6 pages, 165634 bytes).
PDF statistics:
 73 PDF objects out of 1000 (max. 8388607)
 0 named destinations out of 1000 (max. 500000)
 1 words of extra memory for PDF output out of 10000 (max. 10000000)

